0 info it worked if it ends with ok
1 verbose cli [ '/usr/bin/node', '/usr/bin/npm', 'run', 'share' ]
2 info using npm@3.5.2
3 info using node@v6.11.4
4 verbose run-script [ 'preshare', 'share', 'postshare' ]
5 info lifecycle photography-eudemonia-website@1.0.0~preshare: photography-eudemonia-website@1.0.0
6 silly lifecycle photography-eudemonia-website@1.0.0~preshare: no script for preshare, continuing
7 info lifecycle photography-eudemonia-website@1.0.0~share: photography-eudemonia-website@1.0.0
8 verbose lifecycle photography-eudemonia-website@1.0.0~share: unsafe-perm in lifecycle true
9 verbose lifecycle photography-eudemonia-website@1.0.0~share: PATH: /usr/share/npm/bin/node-gyp-bin:/home/odin/projects/photographyEudemonia/node_modules/.bin:/home/odin/.npm-global/bin:/home/odin/.npm-global/bin:/usr/local/sbin:/usr/local/bin:/usr/sbin:/usr/bin:/sbin:/bin:/usr/games:/usr/local/games:/snap/bin
10 verbose lifecycle photography-eudemonia-website@1.0.0~share: CWD: /home/odin/projects/photographyEudemonia
11 silly lifecycle photography-eudemonia-website@1.0.0~share: Args: [ '-c', 'lt --port 3001' ]
12 silly lifecycle photography-eudemonia-website@1.0.0~share: Returned: code: 1  signal: null
13 info lifecycle photography-eudemonia-website@1.0.0~share: Failed to exec share script
14 verbose stack Error: photography-eudemonia-website@1.0.0 share: `lt --port 3001`
14 verbose stack Exit status 1
14 verbose stack     at EventEmitter.<anonymous> (/usr/share/npm/lib/utils/lifecycle.js:232:16)
14 verbose stack     at emitTwo (events.js:106:13)
14 verbose stack     at EventEmitter.emit (events.js:191:7)
14 verbose stack     at ChildProcess.<anonymous> (/usr/share/npm/lib/utils/spawn.js:24:14)
14 verbose stack     at emitTwo (events.js:106:13)
14 verbose stack     at ChildProcess.emit (events.js:191:7)
14 verbose stack     at maybeClose (internal/child_process.js:920:16)
14 verbose stack     at Process.ChildProcess._handle.onexit (internal/child_process.js:230:5)
15 verbose pkgid photography-eudemonia-website@1.0.0
16 verbose cwd /home/odin/projects/photographyEudemonia/src/static/images/gallery/compressed/nola
17 error Linux 4.13.0-38-generic
18 error argv "/usr/bin/node" "/usr/bin/npm" "run" "share"
19 error node v6.11.4
20 error npm  v3.5.2
21 error code ELIFECYCLE
22 error photography-eudemonia-website@1.0.0 share: `lt --port 3001`
22 error Exit status 1
23 error Failed at the photography-eudemonia-website@1.0.0 share script 'lt --port 3001'.
23 error Make sure you have the latest version of node.js and npm installed.
23 error If you do, this is most likely a problem with the photography-eudemonia-website package,
23 error not with npm itself.
23 error Tell the author that this fails on your system:
23 error     lt --port 3001
23 error You can get information on how to open an issue for this project with:
23 error     npm bugs photography-eudemonia-website
23 error Or if that isn't available, you can get their info via:
23 error     npm owner ls photography-eudemonia-website
23 error There is likely additional logging output above.
24 verbose exit [ 1, true ]
